# JRE version: OpenJDK Runtime Environment (17.0.11) (build 17.0.11+0--11852314)
# Java VM: OpenJDK 64-Bit Server VM (17.0.11+0--11852314, mixed mode, tiered, compressed oops, compressed class ptrs, g1 gc, windows-amd64)
GC Precious Log:
 CPUs: 8 total, 8 available
 Memory: 9941M
 Large Page Support: Disabled
 NUMA Support: Disabled
 Compressed Oops: Enabled (32-bit)
 Heap Region Size: 1M
 Heap Min Capacity: 8M
 Heap Initial Capacity: 156M
 Heap Max Capacity: 2G
 Pre-touch: Disabled
 Parallel Workers: 8
 Concurrent Workers: 2
 Concurrent Refinement Workers: 8
 Periodic GC: Disabled
Heap:
 garbage-first heap   total 329728K, used 138066K [0x0000000080000000, 0x0000000100000000)
  region size 1024K, 7 young (7168K), 7 survivors (7168K)
 Metaspace       used 142487K, committed 143616K, reserved 1179648K
  class space    used 19295K, committed 19904K, reserved 1048576K
GC Heap History (20 events):
Event: 1296.004 GC heap after
{Heap after GC invocations=88 (full 0):
 garbage-first heap   total 329728K, used 120396K [0x0000000080000000, 0x0000000100000000)
  region size 1024K, 2 young (2048K), 2 survivors (2048K)
 Metaspace       used 141444K, committed 142464K, reserved 1179648K
  class space    used 19313K, committed 19840K, reserved 1048576K
}
Event: 1296.875 GC heap before
{Heap before GC invocations=88 (full 0):
 garbage-first heap   total 329728K, used 148044K [0x0000000080000000, 0x0000000100000000)
  region size 1024K, 31 young (31744K), 2 survivors (2048K)
 Metaspace       used 141626K, committed 142592K, reserved 1179648K
  class space    used 19321K, committed 19840K, reserved 1048576K
}
Event: 1296.887 GC heap after
{Heap after GC invocations=89 (full 0):
 garbage-first heap   total 329728K, used 124853K [0x0000000080000000, 0x0000000100000000)
  region size 1024K, 7 young (7168K), 7 survivors (7168K)
 Metaspace       used 141626K, committed 142592K, reserved 1179648K
  class space    used 19321K, committed 19840K, reserved 1048576K
}
Event: 1304.176 GC heap before
{Heap before GC invocations=90 (full 0):
 garbage-first heap   total 329728K, used 268213K [0x0000000080000000, 0x0000000100000000)
  region size 1024K, 129 young (132096K), 7 survivors (7168K)
 Metaspace       used 142017K, committed 143104K, reserved 1179648K
  class space    used 19346K, committed 19904K, reserved 1048576K
}
Event: 1304.193 GC heap after
{Heap after GC invocations=91 (full 0):
 garbage-first heap   total 329728K, used 136302K [0x0000000080000000, 0x0000000100000000)
  region size 1024K, 17 young (17408K), 17 survivors (17408K)
 Metaspace       used 142017K, committed 143104K, reserved 1179648K
  class space    used 19346K, committed 19904K, reserved 1048576K
}
Event: 1304.201 GC heap before
{Heap before GC invocations=91 (full 0):
 garbage-first heap   total 329728K, used 136302K [0x0000000080000000, 0x0000000100000000)
  region size 1024K, 18 young (18432K), 17 survivors (17408K)
 Metaspace       used 142017K, committed 143104K, reserved 1179648K
  class space    used 19346K, committed 19904K, reserved 1048576K
}
Event: 1304.219 GC heap after
{Heap after GC invocations=92 (full 0):
 garbage-first heap   total 329728K, used 129680K [0x0000000080000000, 0x0000000100000000)
  region size 1024K, 2 young (2048K), 2 survivors (2048K)
 Metaspace       used 142017K, committed 143104K, reserved 1179648K
  class space    used 19346K, committed 19904K, reserved 1048576K
}
Event: 1305.033 GC heap before
{Heap before GC invocations=92 (full 0):
 garbage-first heap   total 329728K, used 159376K [0x0000000080000000, 0x0000000100000000)
  region size 1024K, 33 young (33792K), 2 survivors (2048K)
 Metaspace       used 142195K, committed 143232K, reserved 1179648K
  class space    used 19355K, committed 19904K, reserved 1048576K
}
Event: 1305.039 GC heap after
{Heap after GC invocations=93 (full 0):
 garbage-first heap   total 329728K, used 132447K [0x0000000080000000, 0x0000000100000000)
  region size 1024K, 5 young (5120K), 5 survivors (5120K)
 Metaspace       used 142195K, committed 143232K, reserved 1179648K
  class space    used 19355K, committed 19904K, reserved 1048576K
}
Event: 1967.436 GC heap before
{Heap before GC invocations=94 (full 0):
 garbage-first heap   total 329728K, used 270687K [0x0000000080000000, 0x0000000100000000)
  region size 1024K, 115 young (117760K), 5 survivors (5120K)
 Metaspace       used 142449K, committed 143552K, reserved 1179648K
  class space    used 19357K, committed 19904K, reserved 1048576K
}
Event: 1967.472 GC heap after
{Heap after GC invocations=95 (full 0):
 garbage-first heap   total 329728K, used 155720K [0x0000000080000000, 0x0000000100000000)
  region size 1024K, 15 young (15360K), 15 survivors (15360K)
 Metaspace       used 142449K, committed 143552K, reserved 1179648K
  class space    used 19357K, committed 19904K, reserved 1048576K
}
Event: 1967.489 GC heap before
{Heap before GC invocations=95 (full 0):
 garbage-first heap   total 329728K, used 156744K [0x0000000080000000, 0x0000000100000000)
  region size 1024K, 16 young (16384K), 15 survivors (15360K)
 Metaspace       used 142454K, committed 143552K, reserved 1179648K
  class space    used 19357K, committed 19904K, reserved 1048576K
}
Event: 1967.510 GC heap after
{Heap after GC invocations=96 (full 0):
 garbage-first heap   total 329728K, used 146891K [0x0000000080000000, 0x0000000100000000)
  region size 1024K, 2 young (2048K), 2 survivors (2048K)
 Metaspace       used 142454K, committed 143552K, reserved 1179648K
  class space    used 19357K, committed 19904K, reserved 1048576K
}
Event: 1967.566 GC heap before
{Heap before GC invocations=96 (full 0):
 garbage-first heap   total 329728K, used 153035K [0x0000000080000000, 0x0000000100000000)
  region size 1024K, 9 young (9216K), 2 survivors (2048K)
 Metaspace       used 142456K, committed 143552K, reserved 1179648K
  class space    used 19357K, committed 19904K, reserved 1048576K
}
Event: 1967.574 GC heap after
{Heap after GC invocations=97 (full 0):
 garbage-first heap   total 329728K, used 151953K [0x0000000080000000, 0x0000000100000000)
  region size 1024K, 7 young (7168K), 7 survivors (7168K)
 Metaspace       used 142456K, committed 143552K, reserved 1179648K
  class space    used 19357K, committed 19904K, reserved 1048576K
}
Event: 1972.912 GC heap before
{Heap before GC invocations=98 (full 0):
 garbage-first heap   total 329728K, used 225681K [0x0000000080000000, 0x0000000100000000)
  region size 1024K, 66 young (67584K), 7 survivors (7168K)
 Metaspace       used 142328K, committed 143552K, reserved 1179648K
  class space    used 19292K, committed 19904K, reserved 1048576K
}
Event: 1972.927 GC heap after
{Heap after GC invocations=99 (full 0):
 garbage-first heap   total 329728K, used 153833K [0x0000000080000000, 0x0000000100000000)
  region size 1024K, 6 young (6144K), 6 survivors (6144K)
 Metaspace       used 142328K, committed 143552K, reserved 1179648K
  class space    used 19292K, committed 19904K, reserved 1048576K
}
Event: 1973.105 GC heap before
{Heap before GC invocations=99 (full 0):
 garbage-first heap   total 329728K, used 165097K [0x0000000080000000, 0x0000000100000000)
  region size 1024K, 16 young (16384K), 6 survivors (6144K)
 Metaspace       used 142333K, committed 143552K, reserved 1179648K
  class space    used 19292K, committed 19904K, reserved 1048576K
}
Event: 1973.125 GC heap after
{Heap after GC invocations=100 (full 0):
 garbage-first heap   total 329728K, used 133247K [0x0000000080000000, 0x0000000100000000)
  region size 1024K, 2 young (2048K), 2 survivors (2048K)
 Metaspace       used 142333K, committed 143552K, reserved 1179648K
  class space    used 19292K, committed 19904K, reserved 1048576K
}
Event: 1974.059 GC heap before
{Heap before GC invocations=100 (full 0):
 garbage-first heap   total 329728K, used 176255K [0x0000000080000000, 0x0000000100000000)
  region size 1024K, 46 young (47104K), 2 survivors (2048K)
 Metaspace       used 142487K, committed 143616K, reserved 1179648K
  class space    used 19295K, committed 19904K, reserved 1048576K
}

